<?xml version="1.0" encoding="UTF-8"?>
<!-- Generated by org.testng.reporters.JUnitReportReporter -->
<testsuite hostname="Administrators-MacBook-Pro.local" name="com.kaplan.API.Orchestrator" tests="1" failures="0" timestamp="9 Oct 2014 16:54:59 GMT" time="5.048" errors="0">
  <testcase name="testApi" time="5.048" classname="com.kaplan.API.Orchestrator"/>
</testsuite> <!-- com.kaplan.API.Orchestrator -->
